[INFO] Scanning for projects...
[INFO] 
[INFO] -------------------< com.zsnails.poo:proyecto_poo2 >--------------------
[INFO] Building proyecto_poo2 1.0-SNAPSHOT
[INFO] --------------------------------[ jar ]---------------------------------
[INFO] 
[INFO] --- maven-clean-plugin:2.5:clean (default-clean) @ proyecto_poo2 ---
[INFO] Deleting /home/ayaka/projects/java/proyecto_poo2/target
[INFO] 
[INFO] --- maven-resources-plugin:2.6:resources (default-resources) @ proyecto_poo2 ---
[INFO] Using 'UTF-8' encoding to copy filtered resources.
[INFO] skip non existing resourceDirectory /home/ayaka/projects/java/proyecto_poo2/src/main/resources
[INFO] 
[INFO] --- maven-compiler-plugin:3.1:compile (default-compile) @ proyecto_poo2 ---
[INFO] Changes detected - recompiling the module!
[INFO] Compiling 13 source files to /home/ayaka/projects/java/proyecto_poo2/target/classes
[INFO] 
[INFO] --- maven-resources-plugin:2.6:testResources (default-testResources) @ proyecto_poo2 ---
[INFO] Using 'UTF-8' encoding to copy filtered resources.
[INFO] skip non existing resourceDirectory /home/ayaka/projects/java/proyecto_poo2/src/test/resources
[INFO] 
[INFO] --- maven-compiler-plugin:3.1:testCompile (default-testCompile) @ proyecto_poo2 ---
[INFO] Changes detected - recompiling the module!
[INFO] Compiling 1 source file to /home/ayaka/projects/java/proyecto_poo2/target/test-classes
[INFO] 
[INFO] --- maven-surefire-plugin:2.12.4:test (default-test) @ proyecto_poo2 ---
[INFO] Surefire report directory: /home/ayaka/projects/java/proyecto_poo2/target/surefire-reports

-------------------------------------------------------
 T E S T S
-------------------------------------------------------
Running com.zsnails.poo.AppTest
Tests run: 1, Failures: 0, Errors: 0, Skipped: 0, Time elapsed: 0.016 sec

Results :

Tests run: 1, Failures: 0, Errors: 0, Skipped: 0

[INFO] 
[INFO] --- maven-jar-plugin:2.4:jar (default-jar) @ proyecto_poo2 ---
[INFO] Building jar: /home/ayaka/projects/java/proyecto_poo2/target/proyecto_poo2-1.0-SNAPSHOT.jar
[INFO] 
[INFO] --- exec-maven-plugin:3.1.0:java (default-cli) @ proyecto_poo2 ---
[WARNING] 
java.lang.NullPointerException: Cannot invoke "com.zsnails.game.iJugador.getNombre()" because "jugador" is null
    at com.zsnails.hiddenNumber.HiddenNumberGameUI.iniciarPartida (HiddenNumberGameUI.java:223)
    at com.zsnails.GameCenter.GameCenter$1.actionPerformed (GameCenter.java:54)
    at javax.swing.AbstractButton.fireActionPerformed (AbstractButton.java:1972)
    at javax.swing.AbstractButton$Handler.actionPerformed (AbstractButton.java:2313)
    at javax.swing.DefaultButtonModel.fireActionPerformed (DefaultButtonModel.java:405)
    at javax.swing.DefaultButtonModel.setPressed (DefaultButtonModel.java:262)
    at javax.swing.plaf.basic.BasicButtonListener.mouseReleased (BasicButtonListener.java:279)
    at java.awt.Component.processMouseEvent (Component.java:6620)
    at javax.swing.JComponent.processMouseEvent (JComponent.java:3398)
    at java.awt.Component.processEvent (Component.java:6385)
    at java.awt.Container.processEvent (Container.java:2266)
    at java.awt.Component.dispatchEventImpl (Component.java:4995)
    at java.awt.Container.dispatchEventImpl (Container.java:2324)
    at java.awt.Component.dispatchEvent (Component.java:4827)
    at java.awt.LightweightDispatcher.retargetMouseEvent (Container.java:4948)
    at java.awt.LightweightDispatcher.processMouseEvent (Container.java:4575)
    at java.awt.LightweightDispatcher.dispatchEvent (Container.java:4516)
    at java.awt.Container.dispatchEventImpl (Container.java:2310)
    at java.awt.Window.dispatchEventImpl (Window.java:2780)
    at java.awt.Component.dispatchEvent (Component.java:4827)
    at java.awt.EventQueue.dispatchEventImpl (EventQueue.java:775)
    at java.awt.EventQueue$4.run (EventQueue.java:720)
    at java.awt.EventQueue$4.run (EventQueue.java:714)
    at java.security.AccessController.doPrivileged (AccessController.java:399)
    at java.security.ProtectionDomain$JavaSecurityAccessImpl.doIntersectionPrivilege (ProtectionDomain.java:86)
    at java.security.ProtectionDomain$JavaSecurityAccessImpl.doIntersectionPrivilege (ProtectionDomain.java:97)
    at java.awt.EventQueue$5.run (EventQueue.java:747)
    at java.awt.EventQueue$5.run (EventQueue.java:745)
    at java.security.AccessController.doPrivileged (AccessController.java:399)
    at java.security.ProtectionDomain$JavaSecurityAccessImpl.doIntersectionPrivilege (ProtectionDomain.java:86)
    at java.awt.EventQueue.dispatchEvent (EventQueue.java:744)
    at java.awt.EventDispatchThread.pumpOneEventForFilters (EventDispatchThread.java:203)
    at java.awt.EventDispatchThread.pumpEventsForFilter (EventDispatchThread.java:124)
    at java.awt.EventDispatchThread.pumpEventsForHierarchy (EventDispatchThread.java:113)
    at java.awt.EventDispatchThread.pumpEvents (EventDispatchThread.java:109)
    at java.awt.EventDispatchThread.pumpEvents (EventDispatchThread.java:101)
    at java.awt.EventDispatchThread.run (EventDispatchThread.java:90)
