[INFO] Scanning for projects...
[INFO] 
[INFO] -------------------< com.zsnails.poo:proyecto_poo2 >--------------------
[INFO] Building proyecto_poo2 1.0-SNAPSHOT
[INFO] --------------------------------[ jar ]---------------------------------
[INFO] 
[INFO] --- maven-resources-plugin:2.6:resources (default-resources) @ proyecto_poo2 ---
[INFO] Using 'UTF-8' encoding to copy filtered resources.
[INFO] skip non existing resourceDirectory /home/ayaka/projects/java/proyecto_poo2/src/main/resources
[INFO] 
[INFO] --- maven-compiler-plugin:3.1:compile (default-compile) @ proyecto_poo2 ---
[INFO] Nothing to compile - all classes are up to date
[INFO] 
[INFO] --- maven-resources-plugin:2.6:testResources (default-testResources) @ proyecto_poo2 ---
[INFO] Using 'UTF-8' encoding to copy filtered resources.
[INFO] skip non existing resourceDirectory /home/ayaka/projects/java/proyecto_poo2/src/test/resources
[INFO] 
[INFO] --- maven-compiler-plugin:3.1:testCompile (default-testCompile) @ proyecto_poo2 ---
[INFO] Nothing to compile - all classes are up to date
[INFO] 
[INFO] --- maven-surefire-plugin:2.12.4:test (default-test) @ proyecto_poo2 ---
[INFO] Surefire report directory: /home/ayaka/projects/java/proyecto_poo2/target/surefire-reports

-------------------------------------------------------
 T E S T S
-------------------------------------------------------
Running com.zsnails.poo.AppTest
Tests run: 1, Failures: 0, Errors: 0, Skipped: 0, Time elapsed: 0.015 sec

Results :

Tests run: 1, Failures: 0, Errors: 0, Skipped: 0

[INFO] 
[INFO] --- maven-jar-plugin:2.4:jar (default-jar) @ proyecto_poo2 ---
[INFO] Building jar: /home/ayaka/projects/java/proyecto_poo2/target/proyecto_poo2-1.0-SNAPSHOT.jar
[INFO] 
[INFO] --- exec-maven-plugin:3.1.0:java (default-cli) @ proyecto_poo2 ---
